<?xml version="1.0" encoding="UTF-8"?>
<testsuite xmlns:xsi="http://www.w3.org/2001/XMLSchema-instance" xsi:noNamespaceSchemaLocation="https://maven.apache.org/surefire/maven-surefire-plugin/xsd/surefire-test-report.xsd" name="com.example.imdb.serviceTest.MovieServiceTest" time="0.321" tests="1" errors="1" skipped="0" failures="0">
  <properties>
    <property name="sun.desktop" value="gnome"/>
    <property name="awt.toolkit" value="sun.awt.X11.XToolkit"/>
    <property name="java.specification.version" value="11"/>
    <property name="sun.cpu.isalist" value=""/>
    <property name="sun.jnu.encoding" value="UTF-8"/>
    <property name="java.class.path" value="/home/renos/Desktop/IMDBReposiroty/target/test-classes:/home/renos/Desktop/IMDBReposiroty/target/classes:/home/renos/.m2/repository/org/springframework/boot/spring-boot-starter-data-jpa/2.5.6/spring-boot-starter-data-jpa-2.5.6.jar:/home/renos/.m2/repository/org/springframework/boot/spring-boot-starter-aop/2.5.6/spring-boot-starter-aop-2.5.6.jar:/home/renos/.m2/repository/org/springframework/spring-aop/5.3.12/spring-aop-5.3.12.jar:/home/renos/.m2/repository/org/aspectj/aspectjweaver/1.9.7/aspectjweaver-1.9.7.jar:/home/renos/.m2/repository/org/springframework/boot/spring-boot-starter-jdbc/2.5.6/spring-boot-starter-jdbc-2.5.6.jar:/home/renos/.m2/repository/com/zaxxer/HikariCP/4.0.3/HikariCP-4.0.3.jar:/home/renos/.m2/repository/org/springframework/spring-jdbc/5.3.12/spring-jdbc-5.3.12.jar:/home/renos/.m2/repository/jakarta/transaction/jakarta.transaction-api/1.3.3/jakarta.transaction-api-1.3.3.jar:/home/renos/.m2/repository/jakarta/persistence/jakarta.persistence-api/2.2.3/jakarta.persistence-api-2.2.3.jar:/home/renos/.m2/repository/org/hibernate/hibernate-core/5.4.32.Final/hibernate-core-5.4.32.Final.jar:/home/renos/.m2/repository/org/jboss/logging/jboss-logging/3.4.2.Final/jboss-logging-3.4.2.Final.jar:/home/renos/.m2/repository/org/javassist/javassist/3.27.0-GA/javassist-3.27.0-GA.jar:/home/renos/.m2/repository/net/bytebuddy/byte-buddy/1.10.22/byte-buddy-1.10.22.jar:/home/renos/.m2/repository/antlr/antlr/2.7.7/antlr-2.7.7.jar:/home/renos/.m2/repository/org/jboss/jandex/2.2.3.Final/jandex-2.2.3.Final.jar:/home/renos/.m2/repository/com/fasterxml/classmate/1.5.1/classmate-1.5.1.jar:/home/renos/.m2/repository/org/dom4j/dom4j/2.1.3/dom4j-2.1.3.jar:/home/renos/.m2/repository/org/hibernate/common/hibernate-commons-annotations/5.1.2.Final/hibernate-commons-annotations-5.1.2.Final.jar:/home/renos/.m2/repository/org/glassfish/jaxb/jaxb-runtime/2.3.5/jaxb-runtime-2.3.5.jar:/home/renos/.m2/repository/org/glassfish/jaxb/txw2/2.3.5/txw2-2.3.5.jar:/home/renos/.m2/repository/com/sun/istack/istack-commons-runtime/3.0.12/istack-commons-runtime-3.0.12.jar:/home/renos/.m2/repository/com/sun/activation/jakarta.activation/1.2.2/jakarta.activation-1.2.2.jar:/home/renos/.m2/repository/org/springframework/data/spring-data-jpa/2.5.6/spring-data-jpa-2.5.6.jar:/home/renos/.m2/repository/org/springframework/data/spring-data-commons/2.5.6/spring-data-commons-2.5.6.jar:/home/renos/.m2/repository/org/springframework/spring-orm/5.3.12/spring-orm-5.3.12.jar:/home/renos/.m2/repository/org/springframework/spring-context/5.3.12/spring-context-5.3.12.jar:/home/renos/.m2/repository/org/springframework/spring-tx/5.3.12/spring-tx-5.3.12.jar:/home/renos/.m2/repository/org/springframework/spring-beans/5.3.12/spring-beans-5.3.12.jar:/home/renos/.m2/repository/org/springframework/spring-aspects/5.3.12/spring-aspects-5.3.12.jar:/home/renos/.m2/repository/org/springframework/boot/spring-boot-starter-web/2.5.6/spring-boot-starter-web-2.5.6.jar:/home/renos/.m2/repository/org/springframework/boot/spring-boot-starter/2.5.6/spring-boot-starter-2.5.6.jar:/home/renos/.m2/repository/org/springframework/boot/spring-boot/2.5.6/spring-boot-2.5.6.jar:/home/renos/.m2/repository/org/springframework/boot/spring-boot-autoconfigure/2.5.6/spring-boot-autoconfigure-2.5.6.jar:/home/renos/.m2/repository/org/springframework/boot/spring-boot-starter-logging/2.5.6/spring-boot-starter-logging-2.5.6.jar:/home/renos/.m2/repository/ch/qos/logback/logback-classic/1.2.6/logback-classic-1.2.6.jar:/home/renos/.m2/repository/ch/qos/logback/logback-core/1.2.6/logback-core-1.2.6.jar:/home/renos/.m2/repository/org/apache/logging/log4j/log4j-to-slf4j/2.14.1/log4j-to-slf4j-2.14.1.jar:/home/renos/.m2/repository/org/apache/logging/log4j/log4j-api/2.14.1/log4j-api-2.14.1.jar:/home/renos/.m2/repository/org/slf4j/jul-to-slf4j/1.7.32/jul-to-slf4j-1.7.32.jar:/home/renos/.m2/repository/jakarta/annotation/jakarta.annotation-api/1.3.5/jakarta.annotation-api-1.3.5.jar:/home/renos/.m2/repository/org/yaml/snakeyaml/1.28/snakeyaml-1.28.jar:/home/renos/.m2/repository/org/springframework/boot/spring-boot-starter-json/2.5.6/spring-boot-starter-json-2.5.6.jar:/home/renos/.m2/repository/com/fasterxml/jackson/core/jackson-databind/2.12.5/jackson-databind-2.12.5.jar:/home/renos/.m2/repository/com/fasterxml/jackson/core/jackson-core/2.12.5/jackson-core-2.12.5.jar:/home/renos/.m2/repository/com/fasterxml/jackson/datatype/jackson-datatype-jdk8/2.12.5/jackson-datatype-jdk8-2.12.5.jar:/home/renos/.m2/repository/com/fasterxml/jackson/datatype/jackson-datatype-jsr310/2.12.5/jackson-datatype-jsr310-2.12.5.jar:/home/renos/.m2/repository/com/fasterxml/jackson/module/jackson-module-parameter-names/2.12.5/jackson-module-parameter-names-2.12.5.jar:/home/renos/.m2/repository/org/springframework/boot/spring-boot-starter-tomcat/2.5.6/spring-boot-starter-tomcat-2.5.6.jar:/home/renos/.m2/repository/org/apache/tomcat/embed/tomcat-embed-core/9.0.54/tomcat-embed-core-9.0.54.jar:/home/renos/.m2/repository/org/apache/tomcat/embed/tomcat-embed-el/9.0.54/tomcat-embed-el-9.0.54.jar:/home/renos/.m2/repository/org/apache/tomcat/embed/tomcat-embed-websocket/9.0.54/tomcat-embed-websocket-9.0.54.jar:/home/renos/.m2/repository/org/springframework/spring-web/5.3.12/spring-web-5.3.12.jar:/home/renos/.m2/repository/org/springframework/spring-webmvc/5.3.12/spring-webmvc-5.3.12.jar:/home/renos/.m2/repository/org/springframework/spring-expression/5.3.12/spring-expression-5.3.12.jar:/home/renos/.m2/repository/org/postgresql/postgresql/42.2.24/postgresql-42.2.24.jar:/home/renos/.m2/repository/org/checkerframework/checker-qual/3.5.0/checker-qual-3.5.0.jar:/home/renos/.m2/repository/org/testcontainers/testcontainers/1.16.2/testcontainers-1.16.2.jar:/home/renos/.m2/repository/junit/junit/4.13.2/junit-4.13.2.jar:/home/renos/.m2/repository/org/hamcrest/hamcrest-core/2.2/hamcrest-core-2.2.jar:/home/renos/.m2/repository/org/slf4j/slf4j-api/1.7.32/slf4j-api-1.7.32.jar:/home/renos/.m2/repository/org/apache/commons/commons-compress/1.21/commons-compress-1.21.jar:/home/renos/.m2/repository/org/rnorth/duct-tape/duct-tape/1.0.8/duct-tape-1.0.8.jar:/home/renos/.m2/repository/org/jetbrains/annotations/17.0.0/annotations-17.0.0.jar:/home/renos/.m2/repository/com/github/docker-java/docker-java-api/3.2.12/docker-java-api-3.2.12.jar:/home/renos/.m2/repository/com/fasterxml/jackson/core/jackson-annotations/2.12.5/jackson-annotations-2.12.5.jar:/home/renos/.m2/repository/com/github/docker-java/docker-java-transport-zerodep/3.2.12/docker-java-transport-zerodep-3.2.12.jar:/home/renos/.m2/repository/com/github/docker-java/docker-java-transport/3.2.12/docker-java-transport-3.2.12.jar:/home/renos/.m2/repository/net/java/dev/jna/jna/5.8.0/jna-5.8.0.jar:/home/renos/.m2/repository/org/testcontainers/localstack/1.16.3/localstack-1.16.3.jar:/home/renos/.m2/repository/org/testcontainers/junit-jupiter/1.16.2/junit-jupiter-1.16.2.jar:/home/renos/.m2/repository/org/junit/jupiter/junit-jupiter-api/5.7.2/junit-jupiter-api-5.7.2.jar:/home/renos/.m2/repository/org/apiguardian/apiguardian-api/1.1.0/apiguardian-api-1.1.0.jar:/home/renos/.m2/repository/org/opentest4j/opentest4j/1.2.0/opentest4j-1.2.0.jar:/home/renos/.m2/repository/org/junit/platform/junit-platform-commons/1.7.2/junit-platform-commons-1.7.2.jar:/home/renos/.m2/repository/org/testcontainers/postgresql/1.10.6/postgresql-1.10.6.jar:/home/renos/.m2/repository/org/testcontainers/jdbc/1.10.6/jdbc-1.10.6.jar:/home/renos/.m2/repository/org/testcontainers/database-commons/1.10.6/database-commons-1.10.6.jar:/home/renos/.m2/repository/org/projectlombok/lombok/1.18.22/lombok-1.18.22.jar:/home/renos/.m2/repository/org/springframework/boot/spring-boot-starter-test/2.5.6/spring-boot-starter-test-2.5.6.jar:/home/renos/.m2/repository/org/springframework/boot/spring-boot-test/2.5.6/spring-boot-test-2.5.6.jar:/home/renos/.m2/repository/org/springframework/boot/spring-boot-test-autoconfigure/2.5.6/spring-boot-test-autoconfigure-2.5.6.jar:/home/renos/.m2/repository/com/jayway/jsonpath/json-path/2.5.0/json-path-2.5.0.jar:/home/renos/.m2/repository/net/minidev/json-smart/2.4.7/json-smart-2.4.7.jar:/home/renos/.m2/repository/net/minidev/accessors-smart/2.4.7/accessors-smart-2.4.7.jar:/home/renos/.m2/repository/org/ow2/asm/asm/9.1/asm-9.1.jar:/home/renos/.m2/repository/jakarta/xml/bind/jakarta.xml.bind-api/2.3.3/jakarta.xml.bind-api-2.3.3.jar:/home/renos/.m2/repository/jakarta/activation/jakarta.activation-api/1.2.2/jakarta.activation-api-1.2.2.jar:/home/renos/.m2/repository/org/assertj/assertj-core/3.19.0/assertj-core-3.19.0.jar:/home/renos/.m2/repository/org/hamcrest/hamcrest/2.2/hamcrest-2.2.jar:/home/renos/.m2/repository/org/junit/jupiter/junit-jupiter/5.7.2/junit-jupiter-5.7.2.jar:/home/renos/.m2/repository/org/junit/jupiter/junit-jupiter-params/5.7.2/junit-jupiter-params-5.7.2.jar:/home/renos/.m2/repository/org/junit/jupiter/junit-jupiter-engine/5.7.2/junit-jupiter-engine-5.7.2.jar:/home/renos/.m2/repository/org/junit/platform/junit-platform-engine/1.7.2/junit-platform-engine-1.7.2.jar:/home/renos/.m2/repository/org/mockito/mockito-core/3.9.0/mockito-core-3.9.0.jar:/home/renos/.m2/repository/net/bytebuddy/byte-buddy-agent/1.10.22/byte-buddy-agent-1.10.22.jar:/home/renos/.m2/repository/org/objenesis/objenesis/3.2/objenesis-3.2.jar:/home/renos/.m2/repository/org/mockito/mockito-junit-jupiter/3.9.0/mockito-junit-jupiter-3.9.0.jar:/home/renos/.m2/repository/org/skyscreamer/jsonassert/1.5.0/jsonassert-1.5.0.jar:/home/renos/.m2/repository/com/vaadin/external/google/android-json/0.0.20131108.vaadin1/android-json-0.0.20131108.vaadin1.jar:/home/renos/.m2/repository/org/springframework/spring-core/5.3.12/spring-core-5.3.12.jar:/home/renos/.m2/repository/org/springframework/spring-jcl/5.3.12/spring-jcl-5.3.12.jar:/home/renos/.m2/repository/org/springframework/spring-test/5.3.12/spring-test-5.3.12.jar:/home/renos/.m2/repository/org/xmlunit/xmlunit-core/2.8.3/xmlunit-core-2.8.3.jar:"/>
    <property name="java.vm.vendor" value="Ubuntu"/>
    <property name="sun.arch.data.model" value="64"/>
    <property name="java.vendor.url" value="https://ubuntu.com/"/>
    <property name="user.timezone" value=""/>
    <property name="java.vm.specification.version" value="11"/>
    <property name="os.name" value="Linux"/>
    <property name="sun.java.launcher" value="SUN_STANDARD"/>
    <property name="user.country" value="US"/>
    <property name="sun.boot.library.path" value="/usr/lib/jvm/java-11-openjdk-amd64/lib"/>
    <property name="sun.java.command" value="/home/renos/Desktop/IMDBReposiroty/target/surefire/surefirebooter6734373240121686574.jar /home/renos/Desktop/IMDBReposiroty/target/surefire 2022-02-06T21-35-42_044-jvmRun1 surefire8389682997915833250tmp surefire_05730754859276699456tmp"/>
    <property name="jdk.debug" value="release"/>
    <property name="surefire.test.class.path" value="/home/renos/Desktop/IMDBReposiroty/target/test-classes:/home/renos/Desktop/IMDBReposiroty/target/classes:/home/renos/.m2/repository/org/springframework/boot/spring-boot-starter-data-jpa/2.5.6/spring-boot-starter-data-jpa-2.5.6.jar:/home/renos/.m2/repository/org/springframework/boot/spring-boot-starter-aop/2.5.6/spring-boot-starter-aop-2.5.6.jar:/home/renos/.m2/repository/org/springframework/spring-aop/5.3.12/spring-aop-5.3.12.jar:/home/renos/.m2/repository/org/aspectj/aspectjweaver/1.9.7/aspectjweaver-1.9.7.jar:/home/renos/.m2/repository/org/springframework/boot/spring-boot-starter-jdbc/2.5.6/spring-boot-starter-jdbc-2.5.6.jar:/home/renos/.m2/repository/com/zaxxer/HikariCP/4.0.3/HikariCP-4.0.3.jar:/home/renos/.m2/repository/org/springframework/spring-jdbc/5.3.12/spring-jdbc-5.3.12.jar:/home/renos/.m2/repository/jakarta/transaction/jakarta.transaction-api/1.3.3/jakarta.transaction-api-1.3.3.jar:/home/renos/.m2/repository/jakarta/persistence/jakarta.persistence-api/2.2.3/jakarta.persistence-api-2.2.3.jar:/home/renos/.m2/repository/org/hibernate/hibernate-core/5.4.32.Final/hibernate-core-5.4.32.Final.jar:/home/renos/.m2/repository/org/jboss/logging/jboss-logging/3.4.2.Final/jboss-logging-3.4.2.Final.jar:/home/renos/.m2/repository/org/javassist/javassist/3.27.0-GA/javassist-3.27.0-GA.jar:/home/renos/.m2/repository/net/bytebuddy/byte-buddy/1.10.22/byte-buddy-1.10.22.jar:/home/renos/.m2/repository/antlr/antlr/2.7.7/antlr-2.7.7.jar:/home/renos/.m2/repository/org/jboss/jandex/2.2.3.Final/jandex-2.2.3.Final.jar:/home/renos/.m2/repository/com/fasterxml/classmate/1.5.1/classmate-1.5.1.jar:/home/renos/.m2/repository/org/dom4j/dom4j/2.1.3/dom4j-2.1.3.jar:/home/renos/.m2/repository/org/hibernate/common/hibernate-commons-annotations/5.1.2.Final/hibernate-commons-annotations-5.1.2.Final.jar:/home/renos/.m2/repository/org/glassfish/jaxb/jaxb-runtime/2.3.5/jaxb-runtime-2.3.5.jar:/home/renos/.m2/repository/org/glassfish/jaxb/txw2/2.3.5/txw2-2.3.5.jar:/home/renos/.m2/repository/com/sun/istack/istack-commons-runtime/3.0.12/istack-commons-runtime-3.0.12.jar:/home/renos/.m2/repository/com/sun/activation/jakarta.activation/1.2.2/jakarta.activation-1.2.2.jar:/home/renos/.m2/repository/org/springframework/data/spring-data-jpa/2.5.6/spring-data-jpa-2.5.6.jar:/home/renos/.m2/repository/org/springframework/data/spring-data-commons/2.5.6/spring-data-commons-2.5.6.jar:/home/renos/.m2/repository/org/springframework/spring-orm/5.3.12/spring-orm-5.3.12.jar:/home/renos/.m2/repository/org/springframework/spring-context/5.3.12/spring-context-5.3.12.jar:/home/renos/.m2/repository/org/springframework/spring-tx/5.3.12/spring-tx-5.3.12.jar:/home/renos/.m2/repository/org/springframework/spring-beans/5.3.12/spring-beans-5.3.12.jar:/home/renos/.m2/repository/org/springframework/spring-aspects/5.3.12/spring-aspects-5.3.12.jar:/home/renos/.m2/repository/org/springframework/boot/spring-boot-starter-web/2.5.6/spring-boot-starter-web-2.5.6.jar:/home/renos/.m2/repository/org/springframework/boot/spring-boot-starter/2.5.6/spring-boot-starter-2.5.6.jar:/home/renos/.m2/repository/org/springframework/boot/spring-boot/2.5.6/spring-boot-2.5.6.jar:/home/renos/.m2/repository/org/springframework/boot/spring-boot-autoconfigure/2.5.6/spring-boot-autoconfigure-2.5.6.jar:/home/renos/.m2/repository/org/springframework/boot/spring-boot-starter-logging/2.5.6/spring-boot-starter-logging-2.5.6.jar:/home/renos/.m2/repository/ch/qos/logback/logback-classic/1.2.6/logback-classic-1.2.6.jar:/home/renos/.m2/repository/ch/qos/logback/logback-core/1.2.6/logback-core-1.2.6.jar:/home/renos/.m2/repository/org/apache/logging/log4j/log4j-to-slf4j/2.14.1/log4j-to-slf4j-2.14.1.jar:/home/renos/.m2/repository/org/apache/logging/log4j/log4j-api/2.14.1/log4j-api-2.14.1.jar:/home/renos/.m2/repository/org/slf4j/jul-to-slf4j/1.7.32/jul-to-slf4j-1.7.32.jar:/home/renos/.m2/repository/jakarta/annotation/jakarta.annotation-api/1.3.5/jakarta.annotation-api-1.3.5.jar:/home/renos/.m2/repository/org/yaml/snakeyaml/1.28/snakeyaml-1.28.jar:/home/renos/.m2/repository/org/springframework/boot/spring-boot-starter-json/2.5.6/spring-boot-starter-json-2.5.6.jar:/home/renos/.m2/repository/com/fasterxml/jackson/core/jackson-databind/2.12.5/jackson-databind-2.12.5.jar:/home/renos/.m2/repository/com/fasterxml/jackson/core/jackson-core/2.12.5/jackson-core-2.12.5.jar:/home/renos/.m2/repository/com/fasterxml/jackson/datatype/jackson-datatype-jdk8/2.12.5/jackson-datatype-jdk8-2.12.5.jar:/home/renos/.m2/repository/com/fasterxml/jackson/datatype/jackson-datatype-jsr310/2.12.5/jackson-datatype-jsr310-2.12.5.jar:/home/renos/.m2/repository/com/fasterxml/jackson/module/jackson-module-parameter-names/2.12.5/jackson-module-parameter-names-2.12.5.jar:/home/renos/.m2/repository/org/springframework/boot/spring-boot-starter-tomcat/2.5.6/spring-boot-starter-tomcat-2.5.6.jar:/home/renos/.m2/repository/org/apache/tomcat/embed/tomcat-embed-core/9.0.54/tomcat-embed-core-9.0.54.jar:/home/renos/.m2/repository/org/apache/tomcat/embed/tomcat-embed-el/9.0.54/tomcat-embed-el-9.0.54.jar:/home/renos/.m2/repository/org/apache/tomcat/embed/tomcat-embed-websocket/9.0.54/tomcat-embed-websocket-9.0.54.jar:/home/renos/.m2/repository/org/springframework/spring-web/5.3.12/spring-web-5.3.12.jar:/home/renos/.m2/repository/org/springframework/spring-webmvc/5.3.12/spring-webmvc-5.3.12.jar:/home/renos/.m2/repository/org/springframework/spring-expression/5.3.12/spring-expression-5.3.12.jar:/home/renos/.m2/repository/org/postgresql/postgresql/42.2.24/postgresql-42.2.24.jar:/home/renos/.m2/repository/org/checkerframework/checker-qual/3.5.0/checker-qual-3.5.0.jar:/home/renos/.m2/repository/org/testcontainers/testcontainers/1.16.2/testcontainers-1.16.2.jar:/home/renos/.m2/repository/junit/junit/4.13.2/junit-4.13.2.jar:/home/renos/.m2/repository/org/hamcrest/hamcrest-core/2.2/hamcrest-core-2.2.jar:/home/renos/.m2/repository/org/slf4j/slf4j-api/1.7.32/slf4j-api-1.7.32.jar:/home/renos/.m2/repository/org/apache/commons/commons-compress/1.21/commons-compress-1.21.jar:/home/renos/.m2/repository/org/rnorth/duct-tape/duct-tape/1.0.8/duct-tape-1.0.8.jar:/home/renos/.m2/repository/org/jetbrains/annotations/17.0.0/annotations-17.0.0.jar:/home/renos/.m2/repository/com/github/docker-java/docker-java-api/3.2.12/docker-java-api-3.2.12.jar:/home/renos/.m2/repository/com/fasterxml/jackson/core/jackson-annotations/2.12.5/jackson-annotations-2.12.5.jar:/home/renos/.m2/repository/com/github/docker-java/docker-java-transport-zerodep/3.2.12/docker-java-transport-zerodep-3.2.12.jar:/home/renos/.m2/repository/com/github/docker-java/docker-java-transport/3.2.12/docker-java-transport-3.2.12.jar:/home/renos/.m2/repository/net/java/dev/jna/jna/5.8.0/jna-5.8.0.jar:/home/renos/.m2/repository/org/testcontainers/localstack/1.16.3/localstack-1.16.3.jar:/home/renos/.m2/repository/org/testcontainers/junit-jupiter/1.16.2/junit-jupiter-1.16.2.jar:/home/renos/.m2/repository/org/junit/jupiter/junit-jupiter-api/5.7.2/junit-jupiter-api-5.7.2.jar:/home/renos/.m2/repository/org/apiguardian/apiguardian-api/1.1.0/apiguardian-api-1.1.0.jar:/home/renos/.m2/repository/org/opentest4j/opentest4j/1.2.0/opentest4j-1.2.0.jar:/home/renos/.m2/repository/org/junit/platform/junit-platform-commons/1.7.2/junit-platform-commons-1.7.2.jar:/home/renos/.m2/repository/org/testcontainers/postgresql/1.10.6/postgresql-1.10.6.jar:/home/renos/.m2/repository/org/testcontainers/jdbc/1.10.6/jdbc-1.10.6.jar:/home/renos/.m2/repository/org/testcontainers/database-commons/1.10.6/database-commons-1.10.6.jar:/home/renos/.m2/repository/org/projectlombok/lombok/1.18.22/lombok-1.18.22.jar:/home/renos/.m2/repository/org/springframework/boot/spring-boot-starter-test/2.5.6/spring-boot-starter-test-2.5.6.jar:/home/renos/.m2/repository/org/springframework/boot/spring-boot-test/2.5.6/spring-boot-test-2.5.6.jar:/home/renos/.m2/repository/org/springframework/boot/spring-boot-test-autoconfigure/2.5.6/spring-boot-test-autoconfigure-2.5.6.jar:/home/renos/.m2/repository/com/jayway/jsonpath/json-path/2.5.0/json-path-2.5.0.jar:/home/renos/.m2/repository/net/minidev/json-smart/2.4.7/json-smart-2.4.7.jar:/home/renos/.m2/repository/net/minidev/accessors-smart/2.4.7/accessors-smart-2.4.7.jar:/home/renos/.m2/repository/org/ow2/asm/asm/9.1/asm-9.1.jar:/home/renos/.m2/repository/jakarta/xml/bind/jakarta.xml.bind-api/2.3.3/jakarta.xml.bind-api-2.3.3.jar:/home/renos/.m2/repository/jakarta/activation/jakarta.activation-api/1.2.2/jakarta.activation-api-1.2.2.jar:/home/renos/.m2/repository/org/assertj/assertj-core/3.19.0/assertj-core-3.19.0.jar:/home/renos/.m2/repository/org/hamcrest/hamcrest/2.2/hamcrest-2.2.jar:/home/renos/.m2/repository/org/junit/jupiter/junit-jupiter/5.7.2/junit-jupiter-5.7.2.jar:/home/renos/.m2/repository/org/junit/jupiter/junit-jupiter-params/5.7.2/junit-jupiter-params-5.7.2.jar:/home/renos/.m2/repository/org/junit/jupiter/junit-jupiter-engine/5.7.2/junit-jupiter-engine-5.7.2.jar:/home/renos/.m2/repository/org/junit/platform/junit-platform-engine/1.7.2/junit-platform-engine-1.7.2.jar:/home/renos/.m2/repository/org/mockito/mockito-core/3.9.0/mockito-core-3.9.0.jar:/home/renos/.m2/repository/net/bytebuddy/byte-buddy-agent/1.10.22/byte-buddy-agent-1.10.22.jar:/home/renos/.m2/repository/org/objenesis/objenesis/3.2/objenesis-3.2.jar:/home/renos/.m2/repository/org/mockito/mockito-junit-jupiter/3.9.0/mockito-junit-jupiter-3.9.0.jar:/home/renos/.m2/repository/org/skyscreamer/jsonassert/1.5.0/jsonassert-1.5.0.jar:/home/renos/.m2/repository/com/vaadin/external/google/android-json/0.0.20131108.vaadin1/android-json-0.0.20131108.vaadin1.jar:/home/renos/.m2/repository/org/springframework/spring-core/5.3.12/spring-core-5.3.12.jar:/home/renos/.m2/repository/org/springframework/spring-jcl/5.3.12/spring-jcl-5.3.12.jar:/home/renos/.m2/repository/org/springframework/spring-test/5.3.12/spring-test-5.3.12.jar:/home/renos/.m2/repository/org/xmlunit/xmlunit-core/2.8.3/xmlunit-core-2.8.3.jar:"/>
    <property name="sun.cpu.endian" value="little"/>
    <property name="user.home" value="/home/renos"/>
    <property name="user.language" value="en"/>
    <property name="java.specification.vendor" value="Oracle Corporation"/>
    <property name="java.version.date" value="2021-10-19"/>
    <property name="java.home" value="/usr/lib/jvm/java-11-openjdk-amd64"/>
    <property name="file.separator" value="/"/>
    <property name="basedir" value="/home/renos/Desktop/IMDBReposiroty"/>
    <property name="java.vm.compressedOopsMode" value="Zero based"/>
    <property name="line.separator" value="&#10;"/>
    <property name="java.specification.name" value="Java Platform API Specification"/>
    <property name="java.vm.specification.vendor" value="Oracle Corporation"/>
    <property name="java.awt.graphicsenv" value="sun.awt.X11GraphicsEnvironment"/>
    <property name="surefire.real.class.path" value="/home/renos/Desktop/IMDBReposiroty/target/surefire/surefirebooter6734373240121686574.jar"/>
    <property name="sun.management.compiler" value="HotSpot 64-Bit Tiered Compilers"/>
    <property name="java.runtime.version" value="11.0.13+8-Ubuntu-0ubuntu1.20.04"/>
    <property name="user.name" value="renos"/>
    <property name="path.separator" value=":"/>
    <property name="os.version" value="5.13.0-28-generic"/>
    <property name="java.runtime.name" value="OpenJDK Runtime Environment"/>
    <property name="file.encoding" value="UTF-8"/>
    <property name="java.vm.name" value="OpenJDK 64-Bit Server VM"/>
    <property name="localRepository" value="/home/renos/.m2/repository"/>
    <property name="java.vendor.url.bug" value="https://bugs.launchpad.net/ubuntu/+source/openjdk-lts"/>
    <property name="java.io.tmpdir" value="/tmp"/>
    <property name="java.version" value="11.0.13"/>
    <property name="user.dir" value="/home/renos/Desktop/IMDBReposiroty"/>
    <property name="os.arch" value="amd64"/>
    <property name="java.vm.specification.name" value="Java Virtual Machine Specification"/>
    <property name="java.awt.printerjob" value="sun.print.PSPrinterJob"/>
    <property name="sun.os.patch.level" value="unknown"/>
    <property name="java.library.path" value="/usr/java/packages/lib:/usr/lib/x86_64-linux-gnu/jni:/lib/x86_64-linux-gnu:/usr/lib/x86_64-linux-gnu:/usr/lib/jni:/lib:/usr/lib"/>
    <property name="java.vm.info" value="mixed mode, sharing"/>
    <property name="java.vendor" value="Ubuntu"/>
    <property name="java.vm.version" value="11.0.13+8-Ubuntu-0ubuntu1.20.04"/>
    <property name="sun.io.unicode.encoding" value="UnicodeLittle"/>
    <property name="java.class.version" value="55.0"/>
  </properties>
  <testcase name="com.example.imdb.serviceTest.MovieServiceTest" classname="com.example.imdb.serviceTest.MovieServiceTest" time="0.32">
    <error message="org/testcontainers/containers/wait/LogMessageWaitStrategy" type="java.lang.NoClassDefFoundError"><![CDATA[java.lang.NoClassDefFoundError: org/testcontainers/containers/wait/LogMessageWaitStrategy
	at com.example.imdb.serviceTest.MovieServiceTest.<clinit>(MovieServiceTest.java:22)
Caused by: java.lang.ClassNotFoundException: org.testcontainers.containers.wait.LogMessageWaitStrategy
	at com.example.imdb.serviceTest.MovieServiceTest.<clinit>(MovieServiceTest.java:22)
]]></error>
    <system-out><![CDATA[21:35:42.761 [main] DEBUG org.springframework.test.context.BootstrapUtils - Instantiating CacheAwareContextLoaderDelegate from class [org.springframework.test.context.cache.DefaultCacheAwareContextLoaderDelegate]
21:35:42.766 [main] DEBUG org.springframework.test.context.BootstrapUtils - Instantiating BootstrapContext using constructor [public org.springframework.test.context.support.DefaultBootstrapContext(java.lang.Class,org.springframework.test.context.CacheAwareContextLoaderDelegate)]
21:35:42.795 [main] DEBUG org.springframework.test.context.BootstrapUtils - Instantiating TestContextBootstrapper for test class [com.example.imdb.serviceTest.MovieServiceTest] from class [org.springframework.boot.test.context.SpringBootTestContextBootstrapper]
21:35:42.805 [main] INFO org.springframework.boot.test.context.SpringBootTestContextBootstrapper - Neither @ContextConfiguration nor @ContextHierarchy found for test class [com.example.imdb.serviceTest.MovieServiceTest], using SpringBootContextLoader
21:35:42.809 [main] DEBUG org.springframework.test.context.support.AbstractContextLoader - Did not detect default resource location for test class [com.example.imdb.serviceTest.MovieServiceTest]: class path resource [com/example/imdb/serviceTest/MovieServiceTest-context.xml] does not exist
21:35:42.810 [main] DEBUG org.springframework.test.context.support.AbstractContextLoader - Did not detect default resource location for test class [com.example.imdb.serviceTest.MovieServiceTest]: class path resource [com/example/imdb/serviceTest/MovieServiceTestContext.groovy] does not exist
21:35:42.810 [main] INFO org.springframework.test.context.support.AbstractContextLoader - Could not detect default resource locations for test class [com.example.imdb.serviceTest.MovieServiceTest]: no resource found for suffixes {-context.xml, Context.groovy}.
21:35:42.811 [main] INFO org.springframework.test.context.support.AnnotationConfigContextLoaderUtils - Could not detect default configuration classes for test class [com.example.imdb.serviceTest.MovieServiceTest]: MovieServiceTest does not declare any static, non-private, non-final, nested classes annotated with @Configuration.
21:35:42.852 [main] DEBUG org.springframework.test.context.support.ActiveProfilesUtils - Could not find an 'annotation declaring class' for annotation type [org.springframework.test.context.ActiveProfiles] and class [com.example.imdb.serviceTest.MovieServiceTest]
21:35:42.899 [main] DEBUG org.springframework.context.annotation.ClassPathScanningCandidateComponentProvider - Identified candidate component class: file [/home/renos/Desktop/IMDBReposiroty/target/classes/com/example/imdb/ImdbApplication.class]
21:35:42.899 [main] INFO org.springframework.boot.test.context.SpringBootTestContextBootstrapper - Found @SpringBootConfiguration com.example.imdb.ImdbApplication for test class com.example.imdb.serviceTest.MovieServiceTest
21:35:42.964 [main] DEBUG org.springframework.boot.test.context.SpringBootTestContextBootstrapper - @TestExecutionListeners is not present for class [com.example.imdb.serviceTest.MovieServiceTest]: using defaults.
21:35:42.964 [main] INFO org.springframework.boot.test.context.SpringBootTestContextBootstrapper - Loaded default TestExecutionListener class names from location [META-INF/spring.factories]: [org.springframework.boot.test.mock.mockito.MockitoTestExecutionListener, org.springframework.boot.test.mock.mockito.ResetMocksTestExecutionListener, org.springframework.boot.test.autoconfigure.restdocs.RestDocsTestExecutionListener, org.springframework.boot.test.autoconfigure.web.client.MockRestServiceServerResetTestExecutionListener, org.springframework.boot.test.autoconfigure.web.servlet.MockMvcPrintOnlyOnFailureTestExecutionListener, org.springframework.boot.test.autoconfigure.web.servlet.WebDriverTestExecutionListener, org.springframework.boot.test.autoconfigure.webservices.client.MockWebServiceServerTestExecutionListener, org.springframework.test.context.web.ServletTestExecutionListener, org.springframework.test.context.support.DirtiesContextBeforeModesTestExecutionListener, org.springframework.test.context.event.ApplicationEventsTestExecutionListener, org.springframework.test.context.support.DependencyInjectionTestExecutionListener, org.springframework.test.context.support.DirtiesContextTestExecutionListener, org.springframework.test.context.transaction.TransactionalTestExecutionListener, org.springframework.test.context.jdbc.SqlScriptsTestExecutionListener, org.springframework.test.context.event.EventPublishingTestExecutionListener]
21:35:42.982 [main] INFO org.springframework.boot.test.context.SpringBootTestContextBootstrapper - Using TestExecutionListeners: [org.springframework.test.context.web.ServletTestExecutionListener@ab7395e, org.springframework.test.context.support.DirtiesContextBeforeModesTestExecutionListener@50d13246, org.springframework.test.context.event.ApplicationEventsTestExecutionListener@2bd08376, org.springframework.boot.test.mock.mockito.MockitoTestExecutionListener@e70f13a, org.springframework.boot.test.autoconfigure.SpringBootDependencyInjectionTestExecutionListener@3d3e5463, org.springframework.test.context.support.DirtiesContextTestExecutionListener@64a40280, org.springframework.test.context.transaction.TransactionalTestExecutionListener@4b40f651, org.springframework.test.context.jdbc.SqlScriptsTestExecutionListener@42b02722, org.springframework.test.context.event.EventPublishingTestExecutionListener@d62fe5b, org.springframework.boot.test.mock.mockito.ResetMocksTestExecutionListener@49964d75, org.springframework.boot.test.autoconfigure.restdocs.RestDocsTestExecutionListener@528c868, org.springframework.boot.test.autoconfigure.web.client.MockRestServiceServerResetTestExecutionListener@466276d8, org.springframework.boot.test.autoconfigure.web.servlet.MockMvcPrintOnlyOnFailureTestExecutionListener@5ce8d869, org.springframework.boot.test.autoconfigure.web.servlet.WebDriverTestExecutionListener@27eedb64, org.springframework.boot.test.autoconfigure.webservices.client.MockWebServiceServerTestExecutionListener@64c63c79]
21:35:42.987 [main] DEBUG org.springframework.test.context.support.AbstractDirtiesContextTestExecutionListener - After test class: context [DefaultTestContext@2766ca9d testClass = MovieServiceTest, testInstance = [null], testMethod = [null], testException = [null], mergedContextConfiguration = [WebMergedContextConfiguration@5460cf3a testClass = MovieServiceTest, locations = '{}', classes = '{class com.example.imdb.ImdbApplication}', contextInitializerClasses = '[]', activeProfiles = '{}', propertySourceLocations = '{}', propertySourceProperties = '{org.springframework.boot.test.context.SpringBootTestContextBootstrapper=true}', contextCustomizers = set[org.springframework.boot.test.context.filter.ExcludeFilterContextCustomizer@72e5a8e, org.springframework.boot.test.json.DuplicateJsonObjectContextCustomizerFactory$DuplicateJsonObjectContextCustomizer@52b1beb6, org.springframework.boot.test.mock.mockito.MockitoContextCustomizer@0, org.springframework.boot.test.web.client.TestRestTemplateContextCustomizer@6221a451, org.springframework.boot.test.autoconfigure.actuate.metrics.MetricsExportContextCustomizerFactory$DisableMetricExportContextCustomizer@4d154ccd, org.springframework.boot.test.autoconfigure.properties.PropertyMappingContextCustomizer@0, org.springframework.boot.test.autoconfigure.web.servlet.WebDriverContextCustomizerFactory$Customizer@2ddc9a9f, org.springframework.test.context.support.DynamicPropertiesContextCustomizer@79b59aca, org.springframework.boot.test.context.SpringBootTestArgs@1, org.springframework.boot.test.context.SpringBootTestWebEnvironment@4493d195], resourceBasePath = 'src/main/webapp', contextLoader = 'org.springframework.boot.test.context.SpringBootContextLoader', parent = [null]], attributes = map['org.springframework.test.context.web.ServletTestExecutionListener.activateListener' -> true]], class annotated with @DirtiesContext [false] with mode [null].
]]></system-out>
  </testcase>
</testsuite>